g:\computer science\100051211\release\vc141.pdb
g:\computer science\100051211\release\shader.obj
g:\computer science\100051211\release\octree.obj
g:\computer science\100051211\release\intersectiontests.obj
g:\computer science\100051211\release\texturehandler.obj
g:\computer science\100051211\release\vector3d.obj
g:\computer science\100051211\release\vector2d.obj
g:\computer science\100051211\release\objloader.obj
g:\computer science\100051211\release\imageloaderpng.obj
g:\computer science\100051211\release\threedmodel.obj
g:\computer science\100051211\release\boundingbox.obj
g:\computer science\100051211\release\main.obj
g:\computer science\100051211\release\box.obj
g:\computer science\100051211\release\console.obj
g:\computer science\100051211\release\car.obj
g:\computer science\100051211\release\camera.obj
g:\computer science\100051211\release\objloadingwin32.exe
g:\computer science\100051211\release\objloadingwin32.pdb
g:\computer science\100051211\release\objloadingwin32.ipdb
g:\computer science\100051211\release\objloadingwin32.iobj
g:\computer science\100051211\release\objloadingwin32.tlog\cl.command.1.tlog
g:\computer science\100051211\release\objloadingwin32.tlog\cl.read.1.tlog
g:\computer science\100051211\release\objloadingwin32.tlog\cl.write.1.tlog
g:\computer science\100051211\release\objloadingwin32.tlog\link.command.1.tlog
g:\computer science\100051211\release\objloadingwin32.tlog\link.read.1.tlog
g:\computer science\100051211\release\objloadingwin32.tlog\link.write.1.tlog
g:\computer science\100051211\release\objloadingwin32.tlog\objloadingwin32.write.1u.tlog
