G:\Computer Science\Visual Studio\Common7\IDE\VC\VCTargets\Microsoft.CppBuild.targets(391,5): warning MSB8028: The intermediate directory (Release\) contains files shared from another project (objLoadingWIN32.vcxproj).  This can lead to incorrect clean and rebuild behavior.
  Building.cpp
  Camera.cpp
g:\computer science\github\3d graphics\camera.cpp(29): warning C4244: '+=': conversion from 'double' to 'float', possible loss of data
g:\computer science\github\3d graphics\camera.cpp(30): warning C4244: '+=': conversion from 'double' to 'float', possible loss of data
g:\computer science\github\3d graphics\camera.cpp(31): warning C4244: '=': conversion from 'double' to 'float', possible loss of data
g:\computer science\github\3d graphics\camera.cpp(32): warning C4244: '=': conversion from 'double' to 'float', possible loss of data
g:\computer science\github\3d graphics\camera.cpp(76): warning C4244: '=': conversion from 'int' to 'float', possible loss of data
g:\computer science\github\3d graphics\camera.cpp(115): warning C4244: '+=': conversion from 'double' to 'float', possible loss of data
g:\computer science\github\3d graphics\camera.cpp(116): warning C4244: '+=': conversion from 'double' to 'float', possible loss of data
g:\computer science\github\3d graphics\camera.cpp(117): warning C4244: '=': conversion from 'double' to 'float', possible loss of data
g:\computer science\github\3d graphics\camera.cpp(118): warning C4244: '=': conversion from 'double' to 'float', possible loss of data
g:\computer science\github\3d graphics\camera.cpp(126): warning C4244: '+=': conversion from 'double' to 'float', possible loss of data
g:\computer science\github\3d graphics\camera.cpp(127): warning C4244: '+=': conversion from 'double' to 'float', possible loss of data
g:\computer science\github\3d graphics\camera.cpp(128): warning C4244: '=': conversion from 'double' to 'float', possible loss of data
g:\computer science\github\3d graphics\camera.cpp(129): warning C4244: '=': conversion from 'double' to 'float', possible loss of data
  Car.cpp
g:\computer science\github\3d graphics\car.cpp(20): warning C4244: '=': conversion from 'float' to 'int', possible loss of data
g:\computer science\github\3d graphics\car.cpp(21): warning C4244: '=': conversion from 'float' to 'int', possible loss of data
g:\computer science\github\3d graphics\car.cpp(22): warning C4244: '=': conversion from 'float' to 'int', possible loss of data
g:\computer science\github\3d graphics\car.cpp(24): warning C4244: 'argument': conversion from 'time_t' to 'unsigned int', possible loss of data
g:\computer science\github\3d graphics\car.cpp(129): warning C4244: '=': conversion from 'double' to 'float', possible loss of data
g:\computer science\github\3d graphics\car.cpp(132): warning C4244: '=': conversion from 'double' to 'float', possible loss of data
  console.cpp
  Box.cpp
  main.cpp
  BoundingBox.cpp
  threeDModel.cpp
g:\computer science\github\3d graphics\3dstruct\threedmodel.cpp(179): warning C4244: '=': conversion from 'double' to 'float', possible loss of data
g:\computer science\github\3d graphics\3dstruct\threedmodel.cpp(180): warning C4244: '=': conversion from 'double' to 'float', possible loss of data
g:\computer science\github\3d graphics\3dstruct\threedmodel.cpp(181): warning C4244: '=': conversion from 'double' to 'float', possible loss of data
g:\computer science\github\3d graphics\3dstruct\threedmodel.cpp(182): warning C4244: '=': conversion from 'double' to 'float', possible loss of data
g:\computer science\github\3d graphics\3dstruct\threedmodel.cpp(183): warning C4244: '=': conversion from 'double' to 'float', possible loss of data
g:\computer science\github\3d graphics\3dstruct\threedmodel.cpp(184): warning C4244: '=': conversion from 'double' to 'float', possible loss of data
  imageLoaderPNG.cpp
  ObjectFactory.cpp
  OBJLoader.cpp
  Vector2d.cpp
  Vector3d.cpp
  TextureHandler.cpp
  IntersectionTests.cpp
  Octree.cpp
  Shader.cpp
  Generating code
  All 966 functions were compiled because no usable IPDB/IOBJ from previous compilation was found.
  Finished generating code
  objLoadingWIN32.vcxproj -> G:\Computer Science\GitHub\3D Graphics\Release\3DGraphics Project.exe
